2024-07-07T14:02:41	RONALD GUICHAY	Run	C:\Users\hp\Documents\GitHub\Grupo3_SIMULACION_2024\Documentos\Semana2\CMGBuilder01.dat	1720378747	C:\Program Files (x86)\CMG\IMEX\2015.10\Win_x64\EXE\mx201510.exe
2024-07-07T14:29:32	RONALD GUICHAY	Save	C:\Users\hp\Documents\GitHub\Grupo3_SIMULACION_2024\Documentos\Semana2\CMGBuilder01.dat	1720380572	C:\Users\hp\Documents\GitHub\Grupo3_SIMULACION_2024\Documentos\Semana2\CMGBuilder01.dat	
2024-07-07T14:29:35	RONALD GUICHAY	Run	C:\Users\hp\Documents\GitHub\Grupo3_SIMULACION_2024\Documentos\Semana2\CMGBuilder01.dat	1720380572	C:\Program Files (x86)\CMG\IMEX\2015.10\Win_x64\EXE\mx201510.exe	
2024-07-07T14:30:44	RONALD GUICHAY	Save	C:\Users\hp\Documents\GitHub\Grupo3_SIMULACION_2024\Documentos\Semana2\CMGBuilder01.dat	1720380644	C:\Users\hp\Documents\GitHub\Grupo3_SIMULACION_2024\Documentos\Semana2\CMGBuilder01.dat	
2024-07-07T14:34:27	RONALD GUICHAY	Run	C:\Users\hp\Documents\GitHub\Grupo3_SIMULACION_2024\Documentos\Semana2\CMGBuilder01.dat	1720380789	C:\Program Files (x86)\CMG\IMEX\2015.10\Win_x64\EXE\mx201510.exe
2024-07-07T14:55:58	RONALD GUICHAY	Save	C:\Users\hp\Documents\GitHub\Grupo3_SIMULACION_2024\Documentos\Semana2\CMGBuilder01.dat	1720382158	C:\Users\hp\Documents\GitHub\Grupo3_SIMULACION_2024\Documentos\Semana2\CMGBuilder01.dat	
2024-07-07T14:56:00	RONALD GUICHAY	Run	C:\Users\hp\Documents\GitHub\Grupo3_SIMULACION_2024\Documentos\Semana2\CMGBuilder01.dat	1720382158	C:\Program Files (x86)\CMG\IMEX\2015.10\Win_x64\EXE\mx201510.exe	
2024-07-07T15:04:20	RONALD GUICHAY	Save	C:\Users\hp\Documents\GitHub\Grupo3_SIMULACION_2024\Documentos\Semana2\CMGBuilder01.dat	1720382660	C:\Users\hp\Documents\GitHub\Grupo3_SIMULACION_2024\Documentos\Semana2\CMGBuilder01.dat	
2024-07-07T15:04:22	RONALD GUICHAY	Run	C:\Users\hp\Documents\GitHub\Grupo3_SIMULACION_2024\Documentos\Semana2\CMGBuilder01.dat	1720382660	C:\Program Files (x86)\CMG\IMEX\2015.10\Win_x64\EXE\mx201510.exe	
2024-07-07T15:05:21	RONALD GUICHAY	Save	C:\Users\hp\Documents\GitHub\Grupo3_SIMULACION_2024\Documentos\Semana2\CMGBuilder01.dat	1720382721	C:\Users\hp\Documents\GitHub\Grupo3_SIMULACION_2024\Documentos\Semana2\CMGBuilder01.dat	
2024-07-07T15:05:23	RONALD GUICHAY	Save	C:\Users\hp\Documents\GitHub\Grupo3_SIMULACION_2024\Documentos\Semana2\CMGBuilder01.dat	1720382723	C:\Users\hp\Documents\GitHub\Grupo3_SIMULACION_2024\Documentos\Semana2\CMGBuilder01.dat	
2024-07-07T15:05:26	RONALD GUICHAY	Save	C:\Users\hp\Documents\GitHub\Grupo3_SIMULACION_2024\Documentos\Semana2\CMGBuilder01.dat	1720382726	C:\Users\hp\Documents\GitHub\Grupo3_SIMULACION_2024\Documentos\Semana2\CMGBuilder01.dat	
2024-07-07T15:25:19	RONALD GUICHAY	Run	C:\Users\hp\Documents\GitHub\Grupo3_SIMULACION_2024\Documentos\Semana2\CMGBuilder01.dat	1720383890	C:\Program Files (x86)\CMG\IMEX\2015.10\Win_x64\EXE\mx201510.exe
2024-07-07T15:28:22	RONALD GUICHAY	Run	C:\Users\hp\Documents\GitHub\Grupo3_SIMULACION_2024\Documentos\Semana2\CMGBuilder01.dat	1720384082	C:\Program Files (x86)\CMG\IMEX\2015.10\Win_x64\EXE\mx201510.exe
2024-07-07T15:30:34	RONALD GUICHAY	Run	C:\Users\hp\Documents\GitHub\Grupo3_SIMULACION_2024\Documentos\Semana2\CMGBuilder01.dat	1720384216	C:\Program Files (x86)\CMG\IMEX\2015.10\Win_x64\EXE\mx201510.exe
2024-07-07T15:57:50	RONALD GUICHAY	Save	C:\Users\hp\Documents\GitHub\Grupo3_SIMULACION_2024\Documentos\Semana2\CMGBuilder02.dat	1720385870	CMGBuilder02.dat	
2024-07-07T15:57:54	RONALD GUICHAY	Run	C:\Users\hp\Documents\GitHub\Grupo3_SIMULACION_2024\Documentos\Semana2\CMGBuilder02.dat	1720385870	C:\Program Files (x86)\CMG\IMEX\2015.10\Win_x64\EXE\mx201510.exe	
2024-07-07T15:58:17	RONALD GUICHAY	Save	C:\Users\hp\Documents\GitHub\Grupo3_SIMULACION_2024\Documentos\Semana2\CMGBuilder02.dat	1720385897	C:\Users\hp\Documents\GitHub\Grupo3_SIMULACION_2024\Documentos\Semana2\CMGBuilder02.dat	
2024-07-07T16:00:56	RONALD GUICHAY	Save	C:\Users\hp\Documents\GitHub\Grupo3_SIMULACION_2024\Documentos\Semana2\CMGBuilder02.dat	1720386056	C:\Users\hp\Documents\GitHub\Grupo3_SIMULACION_2024\Documentos\Semana2\CMGBuilder02.dat	
2024-07-07T16:00:58	RONALD GUICHAY	Run	C:\Users\hp\Documents\GitHub\Grupo3_SIMULACION_2024\Documentos\Semana2\CMGBuilder02.dat	1720386056	C:\Program Files (x86)\CMG\IMEX\2015.10\Win_x64\EXE\mx201510.exe	
2024-07-09T20:18:50	RONALD GUICHAY	Save	C:\Users\hp\Documents\GitHub\Grupo3_SIMULACION_2024\Documentos\Semana2\CMGBuilder03.dat	1720574330	CMGBuilder03.dat	
2024-07-09T20:18:53	RONALD GUICHAY	Run	C:\Users\hp\Documents\GitHub\Grupo3_SIMULACION_2024\Documentos\Semana2\CMGBuilder03.dat	1720574330	C:\Program Files (x86)\CMG\IMEX\2015.10\Win_x64\EXE\mx201510.exe	
2024-07-09T20:19:44	RONALD GUICHAY	Save	C:\Users\hp\Documents\GitHub\Grupo3_SIMULACION_2024\Documentos\Semana2\CMGBuilder03.dat	1720574384	C:\Users\hp\Documents\GitHub\Grupo3_SIMULACION_2024\Documentos\Semana2\CMGBuilder03.dat	
2024-07-09T20:30:08	RONALD GUICHAY	Save	C:\Users\hp\Documents\GitHub\Grupo3_SIMULACION_2024\Documentos\Semana2\CMGBuilder01.dat	1720575008	C:\Users\hp\Documents\GitHub\Grupo3_SIMULACION_2024\Documentos\Semana2\CMGBuilder01.dat	
2024-07-09T20:30:10	RONALD GUICHAY	Run	C:\Users\hp\Documents\GitHub\Grupo3_SIMULACION_2024\Documentos\Semana2\CMGBuilder01.dat	1720575008	C:\Program Files (x86)\CMG\IMEX\2015.10\Win_x64\EXE\mx201510.exe	
2024-07-09T20:31:28	RONALD GUICHAY	Run	C:\Users\hp\Documents\GitHub\Grupo3_SIMULACION_2024\Documentos\Semana2\CMGBuilder01.dat	1720575064	C:\Program Files (x86)\CMG\IMEX\2015.10\Win_x64\EXE\mx201510.exe
2024-07-09T20:32:49	RONALD GUICHAY	Run	C:\Users\hp\Documents\GitHub\Grupo3_SIMULACION_2024\Documentos\Semana2\CMGBuilder03.dat	1720574384	C:\Program Files (x86)\CMG\IMEX\2015.10\Win_x64\EXE\mx201510.exe
2024-07-09T20:33:53	RONALD GUICHAY	Run	C:\Users\hp\Documents\GitHub\Grupo3_SIMULACION_2024\Documentos\Semana2\CMGBuilder01.dat	1720384216	C:\Program Files (x86)\CMG\IMEX\2015.10\Win_x64\EXE\mx201510.exe
2024-07-09T20:44:06	RONALD GUICHAY	Save	C:\Users\hp\Documents\GitHub\Grupo3_SIMULACION_2024\Documentos\Semana2\CMGBuilder01.dat	1720575846	C:\Users\hp\Documents\GitHub\Grupo3_SIMULACION_2024\Documentos\Semana2\CMGBuilder01.dat	
2024-07-09T20:44:09	RONALD GUICHAY	Run	C:\Users\hp\Documents\GitHub\Grupo3_SIMULACION_2024\Documentos\Semana2\CMGBuilder01.dat	1720575846	C:\Program Files (x86)\CMG\IMEX\2015.10\Win_x64\EXE\mx201510.exe	
2024-07-09T20:44:36	RONALD GUICHAY	Save	C:\Users\hp\Documents\GitHub\Grupo3_SIMULACION_2024\Documentos\Semana2\CMGBuilder01.dat	1720575876	C:\Users\hp\Documents\GitHub\Grupo3_SIMULACION_2024\Documentos\Semana2\CMGBuilder01.dat	
2024-07-09T20:44:38	RONALD GUICHAY	Run	C:\Users\hp\Documents\GitHub\Grupo3_SIMULACION_2024\Documentos\Semana2\CMGBuilder01.dat	1720575876	C:\Program Files (x86)\CMG\IMEX\2015.10\Win_x64\EXE\mx201510.exe	
2024-07-09T20:45:56	RONALD GUICHAY	Save	C:\Users\hp\Documents\GitHub\Grupo3_SIMULACION_2024\Documentos\Semana2\CMGBuilder01.dat	1720575956	C:\Users\hp\Documents\GitHub\Grupo3_SIMULACION_2024\Documentos\Semana2\CMGBuilder01.dat	
2024-07-09T20:45:58	RONALD GUICHAY	Run	C:\Users\hp\Documents\GitHub\Grupo3_SIMULACION_2024\Documentos\Semana2\CMGBuilder01.dat	1720575956	C:\Program Files (x86)\CMG\IMEX\2015.10\Win_x64\EXE\mx201510.exe	
2024-07-09T20:49:20	RONALD GUICHAY	Run	C:\Users\hp\Documents\GitHub\Grupo3_SIMULACION_2024\Documentos\Semana2\CMGBuilder01.dat	1720576149	C:\Program Files (x86)\CMG\IMEX\2015.10\Win_x64\EXE\mx201510.exe
2024-07-09T20:51:51	RONALD GUICHAY	Save	C:\Users\hp\Documents\GitHub\Grupo3_SIMULACION_2024\Documentos\Semana2\CMGBuilder01.dat	1720576311	C:\Users\hp\Documents\GitHub\Grupo3_SIMULACION_2024\Documentos\Semana2\CMGBuilder01.dat	
2024-07-09T20:51:53	RONALD GUICHAY	Run	C:\Users\hp\Documents\GitHub\Grupo3_SIMULACION_2024\Documentos\Semana2\CMGBuilder01.dat	1720576311	C:\Program Files (x86)\CMG\IMEX\2015.10\Win_x64\EXE\mx201510.exe	
2024-07-09T20:53:07	RONALD GUICHAY	Save	C:\Users\hp\Documents\GitHub\Grupo3_SIMULACION_2024\Documentos\Semana2\CMGBuilder01.dat	1720576387	C:\Users\hp\Documents\GitHub\Grupo3_SIMULACION_2024\Documentos\Semana2\CMGBuilder01.dat	
2024-07-09T20:53:10	RONALD GUICHAY	Run	C:\Users\hp\Documents\GitHub\Grupo3_SIMULACION_2024\Documentos\Semana2\CMGBuilder01.dat	1720576387	C:\Program Files (x86)\CMG\IMEX\2015.10\Win_x64\EXE\mx201510.exe	
2024-07-09T20:55:47	RONALD GUICHAY	Save	C:\Users\hp\Documents\GitHub\Grupo3_SIMULACION_2024\Documentos\Semana2\CMGBuilder01.dat	1720576547	C:\Users\hp\Documents\GitHub\Grupo3_SIMULACION_2024\Documentos\Semana2\CMGBuilder01.dat	
2024-07-09T20:55:49	RONALD GUICHAY	Run	C:\Users\hp\Documents\GitHub\Grupo3_SIMULACION_2024\Documentos\Semana2\CMGBuilder01.dat	1720576547	C:\Program Files (x86)\CMG\IMEX\2015.10\Win_x64\EXE\mx201510.exe	
2024-07-09T20:57:12	RONALD GUICHAY	Save	C:\Users\hp\Documents\GitHub\Grupo3_SIMULACION_2024\Documentos\Semana2\CMGBuilder01.dat	1720576632	C:\Users\hp\Documents\GitHub\Grupo3_SIMULACION_2024\Documentos\Semana2\CMGBuilder01.dat	
2024-07-09T20:57:13	RONALD GUICHAY	Run	C:\Users\hp\Documents\GitHub\Grupo3_SIMULACION_2024\Documentos\Semana2\CMGBuilder01.dat	1720576632	C:\Program Files (x86)\CMG\IMEX\2015.10\Win_x64\EXE\mx201510.exe	
2024-07-09T20:58:35	RONALD GUICHAY	Save	C:\Users\hp\Documents\GitHub\Grupo3_SIMULACION_2024\Documentos\Semana2\CMGBuilder01.dat	1720576715	C:\Users\hp\Documents\GitHub\Grupo3_SIMULACION_2024\Documentos\Semana2\CMGBuilder01.dat	
2024-07-09T20:58:37	RONALD GUICHAY	Run	C:\Users\hp\Documents\GitHub\Grupo3_SIMULACION_2024\Documentos\Semana2\CMGBuilder01.dat	1720576715	C:\Program Files (x86)\CMG\IMEX\2015.10\Win_x64\EXE\mx201510.exe	
2024-07-09T21:00:25	RONALD GUICHAY	Save	C:\Users\hp\Documents\GitHub\Grupo3_SIMULACION_2024\Documentos\Semana2\CMGBuilder01.dat	1720576825	C:\Users\hp\Documents\GitHub\Grupo3_SIMULACION_2024\Documentos\Semana2\CMGBuilder01.dat	
2024-07-09T21:00:26	RONALD GUICHAY	Run	C:\Users\hp\Documents\GitHub\Grupo3_SIMULACION_2024\Documentos\Semana2\CMGBuilder01.dat	1720576825	C:\Program Files (x86)\CMG\IMEX\2015.10\Win_x64\EXE\mx201510.exe	
2024-07-09T21:03:59	RONALD GUICHAY	Save	C:\Users\hp\Documents\GitHub\Grupo3_SIMULACION_2024\Documentos\Semana2\CMGBuilder01.dat	1720577039	C:\Users\hp\Documents\GitHub\Grupo3_SIMULACION_2024\Documentos\Semana2\CMGBuilder01.dat	
2024-07-09T21:04:00	RONALD GUICHAY	Run	C:\Users\hp\Documents\GitHub\Grupo3_SIMULACION_2024\Documentos\Semana2\CMGBuilder01.dat	1720577039	C:\Program Files (x86)\CMG\IMEX\2015.10\Win_x64\EXE\mx201510.exe	
2024-07-09T21:04:43	RONALD GUICHAY	Save	C:\Users\hp\Documents\GitHub\Grupo3_SIMULACION_2024\Documentos\Semana2\CMGBuilder01.dat	1720577083	C:\Users\hp\Documents\GitHub\Grupo3_SIMULACION_2024\Documentos\Semana2\CMGBuilder01.dat	
2024-07-09T21:04:44	RONALD GUICHAY	Run	C:\Users\hp\Documents\GitHub\Grupo3_SIMULACION_2024\Documentos\Semana2\CMGBuilder01.dat	1720577083	C:\Program Files (x86)\CMG\IMEX\2015.10\Win_x64\EXE\mx201510.exe	
2024-07-09T21:04:51	RONALD GUICHAY	Save	C:\Users\hp\Documents\GitHub\Grupo3_SIMULACION_2024\Documentos\Semana2\CMGBuilder01.dat	1720577091	C:\Users\hp\Documents\GitHub\Grupo3_SIMULACION_2024\Documentos\Semana2\CMGBuilder01.dat	
2024-07-09T21:06:26	RONALD GUICHAY	Save	C:\Users\hp\Documents\GitHub\Grupo3_SIMULACION_2024\Documentos\Semana2\CMGBuilder01.dat	1720577186	C:\Users\hp\Documents\GitHub\Grupo3_SIMULACION_2024\Documentos\Semana2\CMGBuilder01.dat	
2024-07-09T21:06:28	RONALD GUICHAY	Run	C:\Users\hp\Documents\GitHub\Grupo3_SIMULACION_2024\Documentos\Semana2\CMGBuilder01.dat	1720577186	C:\Program Files (x86)\CMG\IMEX\2015.10\Win_x64\EXE\mx201510.exe	
2024-07-09T21:49:11	RONALD GUICHAY	Save	C:\Users\hp\Documents\GitHub\Grupo3_SIMULACION_2024\Documentos\Semana2\CMGBuilder01.dat	1720579751	C:\Users\hp\Documents\GitHub\Grupo3_SIMULACION_2024\Documentos\Semana2\CMGBuilder01.dat	
2024-07-09T21:49:13	RONALD GUICHAY	Run	C:\Users\hp\Documents\GitHub\Grupo3_SIMULACION_2024\Documentos\Semana2\CMGBuilder01.dat	1720579751	C:\Program Files (x86)\CMG\IMEX\2015.10\Win_x64\EXE\mx201510.exe	
2024-07-09T21:49:28	RONALD GUICHAY	Save	C:\Users\hp\Documents\GitHub\Grupo3_SIMULACION_2024\Documentos\Semana2\CMGBuilder01.dat	1720579768	C:\Users\hp\Documents\GitHub\Grupo3_SIMULACION_2024\Documentos\Semana2\CMGBuilder01.dat	
2024-07-09T21:49:38	RONALD GUICHAY	Run	C:\Users\hp\Documents\GitHub\Grupo3_SIMULACION_2024\Documentos\Semana2\CMGBuilder01.dat	1720579768	C:\Program Files (x86)\CMG\IMEX\2015.10\Win_x64\EXE\mx201510.exe
2024-07-09T21:50:25	RONALD GUICHAY	Run	C:\Users\hp\Documents\GitHub\Grupo3_SIMULACION_2024\Documentos\Semana2\LINEAL.dat	1720579768	C:\Program Files (x86)\CMG\IMEX\2015.10\Win_x64\EXE\mx201510.exe
2024-07-09T21:53:20	RONALD GUICHAY	Run	C:\Users\hp\Documents\GitHub\Grupo3_SIMULACION_2024\Documentos\Semana2\RADIAL.dat	1720386057	C:\Program Files (x86)\CMG\IMEX\2015.10\Win_x64\EXE\mx201510.exe
2024-07-09T22:04:21	RONALD GUICHAY	Save	C:\Users\hp\Documents\GitHub\Grupo3_SIMULACION_2024\Documentos\Semana2\RADIAL.dat	1720580661	C:\Users\hp\Documents\GitHub\Grupo3_SIMULACION_2024\Documentos\Semana2\RADIAL.dat	
2024-07-09T22:04:29	RONALD GUICHAY	Save	C:\Users\hp\Documents\GitHub\Grupo3_SIMULACION_2024\Documentos\Semana2\RADIAL.dat	1720580669	C:\Users\hp\Documents\GitHub\Grupo3_SIMULACION_2024\Documentos\Semana2\RADIAL.dat	
2024-07-09T22:05:16	RONALD GUICHAY	Save	C:\Users\hp\Documents\GitHub\Grupo3_SIMULACION_2024\Documentos\Semana2\CMGBuilder02.dat	1720580716	C:\Users\hp\Documents\GitHub\Grupo3_SIMULACION_2024\Documentos\Semana2\CMGBuilder02.dat	
2024-07-09T22:05:18	RONALD GUICHAY	Run	C:\Users\hp\Documents\GitHub\Grupo3_SIMULACION_2024\Documentos\Semana2\CMGBuilder02.dat	1720580716	C:\Program Files (x86)\CMG\IMEX\2015.10\Win_x64\EXE\mx201510.exe	
2024-07-09T22:23:52	RONALD GUICHAY	Save	C:\Users\hp\Documents\GitHub\Grupo3_SIMULACION_2024\Documentos\Semana2\RADIAL.dat	1720581832	C:\Users\hp\Documents\GitHub\Grupo3_SIMULACION_2024\Documentos\Semana2\RADIAL.dat	
2024-07-09T22:23:54	RONALD GUICHAY	Run	C:\Users\hp\Documents\GitHub\Grupo3_SIMULACION_2024\Documentos\Semana2\RADIAL.dat	1720581832	C:\Program Files (x86)\CMG\IMEX\2015.10\Win_x64\EXE\mx201510.exe	
2024-07-09T22:24:28	RONALD GUICHAY	Run	C:\Users\hp\Documents\GitHub\Grupo3_SIMULACION_2024\Documentos\Semana2\RADIAL.dat	1720581832	C:\Program Files (x86)\CMG\IMEX\2015.10\Win_x64\EXE\mx201510.exe	
2024-07-09T22:26:40	RONALD GUICHAY	Save	C:\Users\hp\Documents\GitHub\Grupo3_SIMULACION_2024\Documentos\Semana2\RADIAL.dat	1720582000	C:\Users\hp\Documents\GitHub\Grupo3_SIMULACION_2024\Documentos\Semana2\RADIAL.dat	
2024-07-09T22:26:43	RONALD GUICHAY	Run	C:\Users\hp\Documents\GitHub\Grupo3_SIMULACION_2024\Documentos\Semana2\RADIAL.dat	1720582000	C:\Program Files (x86)\CMG\IMEX\2015.10\Win_x64\EXE\mx201510.exe	
2024-07-09T22:27:35	RONALD GUICHAY	Save	C:\Users\hp\Documents\GitHub\Grupo3_SIMULACION_2024\Documentos\Semana2\RADIAL.dat	1720582055	C:\Users\hp\Documents\GitHub\Grupo3_SIMULACION_2024\Documentos\Semana2\RADIAL.dat	
2024-07-09T22:27:41	RONALD GUICHAY	Save	C:\Users\hp\Documents\GitHub\Grupo3_SIMULACION_2024\Documentos\Semana2\RADIAL.dat	1720582061	C:\Users\hp\Documents\GitHub\Grupo3_SIMULACION_2024\Documentos\Semana2\RADIAL.dat	
2024-07-09T22:30:44	RONALD GUICHAY	Run	C:\Users\hp\Documents\GitHub\Grupo3_SIMULACION_2024\Documentos\Semana2\RADIAL.dat	1720582232	C:\Program Files (x86)\CMG\IMEX\2015.10\Win_x64\EXE\mx201510.exe
2024-07-09T22:32:36	RONALD GUICHAY	Save	C:\Users\hp\Documents\GitHub\Grupo3_SIMULACION_2024\Documentos\Semana2\RADIAL.dat	1720582356	C:\Users\hp\Documents\GitHub\Grupo3_SIMULACION_2024\Documentos\Semana2\RADIAL.dat	
2024-07-09T22:32:38	RONALD GUICHAY	Run	C:\Users\hp\Documents\GitHub\Grupo3_SIMULACION_2024\Documentos\Semana2\RADIAL.dat	1720582356	C:\Program Files (x86)\CMG\IMEX\2015.10\Win_x64\EXE\mx201510.exe	
2024-07-09T22:34:14	RONALD GUICHAY	Save	C:\Users\hp\Documents\GitHub\Grupo3_SIMULACION_2024\Documentos\Semana2\RADIAL.dat	1720582454	C:\Users\hp\Documents\GitHub\Grupo3_SIMULACION_2024\Documentos\Semana2\RADIAL.dat	
2024-07-09T22:34:16	RONALD GUICHAY	Run	C:\Users\hp\Documents\GitHub\Grupo3_SIMULACION_2024\Documentos\Semana2\RADIAL.dat	1720582454	C:\Program Files (x86)\CMG\IMEX\2015.10\Win_x64\EXE\mx201510.exe	
2024-07-09T22:36:29	RONALD GUICHAY	Save	C:\Users\hp\Documents\GitHub\Grupo3_SIMULACION_2024\Documentos\Semana2\RADIAL.dat	1720582589	C:\Users\hp\Documents\GitHub\Grupo3_SIMULACION_2024\Documentos\Semana2\RADIAL.dat	
2024-07-09T22:38:06	RONALD GUICHAY	Save	C:\Users\hp\Documents\GitHub\Grupo3_SIMULACION_2024\Documentos\Semana2\RADIAL.dat	1720582686	C:\Users\hp\Documents\GitHub\Grupo3_SIMULACION_2024\Documentos\Semana2\RADIAL.dat	
2024-07-09T22:38:07	RONALD GUICHAY	Run	C:\Users\hp\Documents\GitHub\Grupo3_SIMULACION_2024\Documentos\Semana2\RADIAL.dat	1720582686	C:\Program Files (x86)\CMG\IMEX\2015.10\Win_x64\EXE\mx201510.exe	
2024-07-09T22:38:14	RONALD GUICHAY	Save	C:\Users\hp\Documents\GitHub\Grupo3_SIMULACION_2024\Documentos\Semana2\RADIAL.dat	1720582694	C:\Users\hp\Documents\GitHub\Grupo3_SIMULACION_2024\Documentos\Semana2\RADIAL.dat	
2024-07-09T22:41:05	RONALD GUICHAY	Run	C:\Users\hp\Documents\GitHub\Grupo3_SIMULACION_2024\Documentos\Semana2\RADIAL.dat	1720582856	C:\Program Files (x86)\CMG\IMEX\2015.10\Win_x64\EXE\mx201510.exe
2024-07-09T22:43:09	RONALD GUICHAY	Run	C:\Users\hp\Documents\GitHub\Grupo3_SIMULACION_2024\Documentos\Semana2\RADIAL.dat	1720582978	C:\Program Files (x86)\CMG\IMEX\2015.10\Win_x64\EXE\mx201510.exe
2024-07-09T22:44:21	RONALD GUICHAY	Run	C:\Users\hp\Documents\GitHub\Grupo3_SIMULACION_2024\Documentos\Semana2\RADIAL.dat	1720583055	C:\Program Files (x86)\CMG\IMEX\2015.10\Win_x64\EXE\mx201510.exe
2024-07-09T22:45:03	RONALD GUICHAY	Run	C:\Users\hp\Documents\GitHub\Grupo3_SIMULACION_2024\Documentos\Semana2\RADIAL.dat	1720583091	C:\Program Files (x86)\CMG\IMEX\2015.10\Win_x64\EXE\mx201510.exe
2024-07-09T22:46:07	RONALD GUICHAY	Run	C:\Users\hp\Documents\GitHub\Grupo3_SIMULACION_2024\Documentos\Semana2\RADIAL.dat	1720583139	C:\Program Files (x86)\CMG\IMEX\2015.10\Win_x64\EXE\mx201510.exe
2024-07-11T08:48:48	RONALD GUICHAY	Run	C:\Users\hp\Documents\GitHub\Grupo3_SIMULACION_2024\Documentos\Semana2\RADIAL.dat	1720583339	C:\Program Files (x86)\CMG\IMEX\2015.10\Win_x64\EXE\mx201510.exe
2024-07-11T08:51:25	RONALD GUICHAY	Run	C:\Users\hp\Documents\GitHub\Grupo3_SIMULACION_2024\Documentos\Semana2\RADIAL.dat	1720705876	C:\Program Files (x86)\CMG\IMEX\2015.10\Win_x64\EXE\mx201510.exe
2024-07-11T08:52:01	RONALD GUICHAY	Run	C:\Users\hp\Documents\GitHub\Grupo3_SIMULACION_2024\Documentos\Semana2\RADIAL.dat	1720705915	C:\Program Files (x86)\CMG\IMEX\2015.10\Win_x64\EXE\mx201510.exe
2024-07-11T08:53:11	RONALD GUICHAY	Run	C:\Users\hp\Documents\GitHub\Grupo3_SIMULACION_2024\Documentos\Semana2\RADIAL.dat	1720705975	C:\Program Files (x86)\CMG\IMEX\2015.10\Win_x64\EXE\mx201510.exe
2024-07-11T08:54:09	RONALD GUICHAY	Run	C:\Users\hp\Documents\GitHub\Grupo3_SIMULACION_2024\Documentos\Semana2\RADIAL.dat	1720706041	C:\Program Files (x86)\CMG\IMEX\2015.10\Win_x64\EXE\mx201510.exe
2024-07-11T08:55:22	RONALD GUICHAY	Run	C:\Users\hp\Documents\GitHub\Grupo3_SIMULACION_2024\Documentos\Semana2\RADIAL.dat	1720706106	C:\Program Files (x86)\CMG\IMEX\2015.10\Win_x64\EXE\mx201510.exe
2024-07-11T08:55:44	RONALD GUICHAY	Run	C:\Users\hp\Documents\GitHub\Grupo3_SIMULACION_2024\Documentos\Semana2\RADIAL.dat	1720706136	C:\Program Files (x86)\CMG\IMEX\2015.10\Win_x64\EXE\mx201510.exe
2024-07-11T08:57:15	RONALD GUICHAY	Run	C:\Users\hp\Documents\GitHub\Grupo3_SIMULACION_2024\Documentos\Semana2\RADIAL.dat	1720706218	C:\Program Files (x86)\CMG\IMEX\2015.10\Win_x64\EXE\mx201510.exe
2024-07-11T08:58:09	RONALD GUICHAY	Run	C:\Users\hp\Documents\GitHub\Grupo3_SIMULACION_2024\Documentos\Semana2\RADIAL.dat	1720706280	C:\Program Files (x86)\CMG\IMEX\2015.10\Win_x64\EXE\mx201510.exe
2024-07-11T09:05:47	RONALD GUICHAY	Run	C:\Users\hp\Documents\GitHub\Grupo3_SIMULACION_2024\Documentos\Semana2\RADIAL.dat	1720706739	C:\Program Files (x86)\CMG\IMEX\2015.10\Win_x64\EXE\mx201510.exe
2024-07-11T09:06:29	RONALD GUICHAY	Run	C:\Users\hp\Documents\GitHub\Grupo3_SIMULACION_2024\Documentos\Semana2\RADIAL.dat	1720706781	C:\Program Files (x86)\CMG\IMEX\2015.10\Win_x64\EXE\mx201510.exe
2024-07-11T09:07:12	RONALD GUICHAY	Run	C:\Users\hp\Documents\GitHub\Grupo3_SIMULACION_2024\Documentos\Semana2\RADIAL.dat	1720706826	C:\Program Files (x86)\CMG\IMEX\2015.10\Win_x64\EXE\mx201510.exe
2024-07-11T09:13:17	RONALD GUICHAY	Run	C:\Users\hp\Documents\GitHub\Grupo3_SIMULACION_2024\Documentos\Semana2\RADIAL.dat	1720707186	C:\Program Files (x86)\CMG\IMEX\2015.10\Win_x64\EXE\mx201510.exe
2024-07-11T09:19:57	RONALD GUICHAY	Run	C:\Users\hp\Documents\GitHub\Grupo3_SIMULACION_2024\Documentos\Semana2\RADIAL.dat	1720707587	C:\Program Files (x86)\CMG\IMEX\2015.10\Win_x64\EXE\mx201510.exe
2024-07-11T09:20:18	RONALD GUICHAY	Run	C:\Users\hp\Documents\GitHub\Grupo3_SIMULACION_2024\Documentos\Semana2\RADIAL.dat	1720707607	C:\Program Files (x86)\CMG\IMEX\2015.10\Win_x64\EXE\mx201510.exe
2024-07-11T09:20:36	RONALD GUICHAY	Run	C:\Users\hp\Documents\GitHub\Grupo3_SIMULACION_2024\Documentos\Semana2\RADIAL.dat	1720707627	C:\Program Files (x86)\CMG\IMEX\2015.10\Win_x64\EXE\mx201510.exe
2024-07-11T09:22:41	RONALD GUICHAY	Submit	C:\Users\hp\Documents\GitHub\Grupo3_SIMULACION_2024\Documentos\Semana2\RADIAL.dat	1720707748	C:\Program Files (x86)\CMG\IMEX\2015.10\Win_x64\EXE\mx201510.exe
2024-07-11T09:22:45	RONALD GUICHAY	Run	C:\Users\hp\Documents\GitHub\Grupo3_SIMULACION_2024\Documentos\Semana2\RADIAL.dat	1720707748	C:\Program Files (x86)\CMG\IMEX\2015.10\Win_x64\EXE\mx201510.exe
2024-07-11T09:32:44	RONALD GUICHAY	Run	C:\Users\hp\Documents\GitHub\Grupo3_SIMULACION_2024\Documentos\Semana2\RADIAL.dat	1720708355	C:\Program Files (x86)\CMG\IMEX\2015.10\Win_x64\EXE\mx201510.exe
2024-07-11T09:33:29	RONALD GUICHAY	Run	C:\Users\hp\Documents\GitHub\Grupo3_SIMULACION_2024\Documentos\Semana2\RADIAL.dat	1720708399	C:\Program Files (x86)\CMG\IMEX\2015.10\Win_x64\EXE\mx201510.exe
2024-07-11T09:37:13	RONALD GUICHAY	Run	C:\Users\hp\Documents\GitHub\Grupo3_SIMULACION_2024\Documentos\Semana2\RADIAL.dat	1720708589	C:\Program Files (x86)\CMG\IMEX\2015.10\Win_x64\EXE\mx201510.exe
2024-07-11T09:41:42	RONALD GUICHAY	Run	C:\Users\hp\Documents\GitHub\Grupo3_SIMULACION_2024\Documentos\Semana2\RADIAL.dat	1720708867	C:\Program Files (x86)\CMG\IMEX\2015.10\Win_x64\EXE\mx201510.exe
